INFO 2025-10-20 09:50:53,443 autoreload 20972 22416 Watching for file changes with StatReloader
INFO 2025-10-20 09:51:01,102 autoreload 8132 10796 Watching for file changes with StatReloader
WARNING 2025-10-20 09:51:09,765 log 8132 1532 Not Found: /test_chat.html
WARNING 2025-10-20 09:51:09,766 basehttp 8132 1532 "GET /test_chat.html HTTP/1.1" 404 3520
WARNING 2025-10-20 09:51:26,776 log 8132 1532 Not Found: /api/chat
WARNING 2025-10-20 09:51:26,777 basehttp 8132 1532 "GET /api/chat HTTP/1.1" 404 12001
WARNING 2025-10-20 09:52:00,894 log 8132 1532 Not Found: /api/chat
WARNING 2025-10-20 09:52:00,894 basehttp 8132 1532 "GET /api/chat HTTP/1.1" 404 12001
WARNING 2025-10-20 09:52:02,292 log 8132 1532 Not Found: /api/chat
WARNING 2025-10-20 09:52:02,307 basehttp 8132 1532 "GET /api/chat HTTP/1.1" 404 12001
WARNING 2025-10-20 09:53:03,924 log 8132 1532 Not Found: /api/chat/
WARNING 2025-10-20 09:53:03,925 basehttp 8132 1532 "GET /api/chat/ HTTP/1.1" 404 15476
INFO 2025-10-20 09:53:59,372 autoreload 8132 10796 C:\Users\MICHAEL\workflow\backend\paperless_saas\urls.py changed, reloading.
INFO 2025-10-20 09:53:59,996 autoreload 11800 2960 Watching for file changes with StatReloader
INFO 2025-10-20 09:54:01,375 autoreload 11800 2960 C:\Users\MICHAEL\workflow\backend\paperless_saas\urls.py changed, reloading.
INFO 2025-10-20 09:54:01,913 autoreload 20732 9524 Watching for file changes with StatReloader
WARNING 2025-10-20 09:54:05,860 log 20732 10988 Not Found: /api/chat/
WARNING 2025-10-20 09:54:05,861 basehttp 20732 10988 "GET /api/chat/ HTTP/1.1" 404 15476
WARNING 2025-10-20 09:55:54,887 log 20732 10988 Not Found: /api/chat/
WARNING 2025-10-20 09:55:54,888 basehttp 20732 10988 "GET /api/chat/ HTTP/1.1" 404 15476
INFO 2025-10-20 09:57:32,579 autoreload 20732 9524 C:\Users\MICHAEL\workflow\backend\chat\urls.py changed, reloading.
INFO 2025-10-20 09:57:33,161 autoreload 24432 23268 Watching for file changes with StatReloader
INFO 2025-10-20 09:57:34,489 autoreload 24432 23268 C:\Users\MICHAEL\workflow\backend\chat\urls.py changed, reloading.
INFO 2025-10-20 09:57:35,032 autoreload 20540 21516 Watching for file changes with StatReloader
WARNING 2025-10-20 09:57:52,629 log 20540 11624 Unauthorized: /api/chat/
WARNING 2025-10-20 09:57:52,630 basehttp 20540 11624 "GET /api/chat/ HTTP/1.1" 401 5131
INFO 2025-10-20 09:57:52,692 basehttp 20540 20492 "GET /static/rest_framework/css/bootstrap-tweaks.css HTTP/1.1" 200 3426
INFO 2025-10-20 09:57:52,693 basehttp 20540 11624 "GET /static/rest_framework/css/bootstrap.min.css HTTP/1.1" 200 121457
INFO 2025-10-20 09:57:52,706 basehttp 20540 11624 "GET /static/rest_framework/css/default.css HTTP/1.1" 200 1152
INFO 2025-10-20 09:57:52,706 basehttp 20540 20492 "GET /static/rest_framework/css/prettify.css HTTP/1.1" 200 817
INFO 2025-10-20 09:57:52,734 basehttp 20540 11624 "GET /static/rest_framework/js/ajax-form.js HTTP/1.1" 200 3796
INFO 2025-10-20 09:57:52,734 basehttp 20540 20492 "GET /static/rest_framework/js/csrf.js HTTP/1.1" 200 1793
INFO 2025-10-20 09:57:52,765 basehttp 20540 20492 "GET /static/rest_framework/js/prettify-min.js HTTP/1.1" 200 13632
INFO 2025-10-20 09:57:52,772 basehttp 20540 11624 "GET /static/rest_framework/js/bootstrap.min.js HTTP/1.1" 200 39680
INFO 2025-10-20 09:57:52,772 basehttp 20540 23416 "GET /static/rest_framework/js/jquery-3.7.1.min.js HTTP/1.1" 200 87533
INFO 2025-10-20 09:57:52,775 basehttp 20540 23416 "GET /static/rest_framework/img/grid.png HTTP/1.1" 200 1458
INFO 2025-10-20 09:57:52,789 basehttp 20540 11624 "GET /static/rest_framework/js/load-ajax-form.js HTTP/1.1" 200 59
INFO 2025-10-20 09:57:52,789 basehttp 20540 20492 "GET /static/rest_framework/js/default.js HTTP/1.1" 200 1268
WARNING 2025-10-20 09:58:05,017 log 20540 20492 Not Found: /api/chat/message
WARNING 2025-10-20 09:58:05,017 basehttp 20540 20492 "GET /api/chat/message HTTP/1.1" 404 41363
WARNING 2025-10-20 09:58:18,440 log 20540 20492 Unauthorized: /api/chat/messages/
WARNING 2025-10-20 09:58:18,441 basehttp 20540 20492 "GET /api/chat/messages/ HTTP/1.1" 401 5308
WARNING 2025-10-20 09:58:39,847 log 20540 20492 Unauthorized: /api/chat/profile/
WARNING 2025-10-20 09:58:39,848 basehttp 20540 20492 "GET /api/chat/profile/ HTTP/1.1" 401 5333
WARNING 2025-10-20 09:58:57,971 log 20540 20492 Unauthorized: /api/chat/history/general/
WARNING 2025-10-20 09:58:57,972 basehttp 20540 20492 "GET /api/chat/history/general/ HTTP/1.1" 401 5379
INFO 2025-10-20 10:07:05,060 autoreload 20540 21516 C:\Users\MICHAEL\workflow\backend\workflow\models.py changed, reloading.
INFO 2025-10-20 10:07:05,789 autoreload 13092 20428 Watching for file changes with StatReloader
INFO 2025-10-20 10:07:15,392 autoreload 13092 20428 C:\Users\MICHAEL\workflow\backend\workflow\models.py changed, reloading.
INFO 2025-10-20 10:07:15,982 autoreload 18968 7376 Watching for file changes with StatReloader
INFO 2025-10-20 10:09:14,709 autoreload 18968 7376 C:\Users\MICHAEL\workflow\backend\paperless_saas\urls.py changed, reloading.
INFO 2025-10-20 10:09:15,321 autoreload 18916 5368 Watching for file changes with StatReloader
INFO 2025-10-20 10:09:16,670 autoreload 18916 5368 C:\Users\MICHAEL\workflow\backend\paperless_saas\urls.py changed, reloading.
INFO 2025-10-20 10:09:17,246 autoreload 9352 24348 Watching for file changes with StatReloader
INFO 2025-10-20 10:09:30,982 autoreload 9352 24348 C:\Users\MICHAEL\workflow\backend\paperless_saas\urls.py changed, reloading.
INFO 2025-10-20 10:09:31,568 autoreload 6096 2692 Watching for file changes with StatReloader
INFO 2025-10-20 10:09:38,077 autoreload 6096 2692 C:\Users\MICHAEL\workflow\backend\paperless_saas\urls.py changed, reloading.
INFO 2025-10-20 10:09:38,665 autoreload 13976 21932 Watching for file changes with StatReloader
INFO 2025-10-20 10:11:31,065 basehttp 13976 13604 "GET /api/workflow HTTP/1.1" 301 0
WARNING 2025-10-20 10:11:31,112 log 13976 22976 Unauthorized: /api/workflow/
WARNING 2025-10-20 10:11:31,113 basehttp 13976 22976 "GET /api/workflow/ HTTP/1.1" 401 5151
INFO 2025-10-21 18:17:18,959 autoreload 12324 2584 Watching for file changes with StatReloader
INFO 2025-10-21 18:17:24,759 basehttp 12324 25596 "GET /swagger/ HTTP/1.1" 200 1642
INFO 2025-10-21 18:17:24,788 basehttp 12324 25596 "GET /static/drf-yasg/style.css HTTP/1.1" 304 0
INFO 2025-10-21 18:17:24,791 basehttp 12324 19112 "GET /static/drf-yasg/swagger-ui-dist/swagger-ui.css HTTP/1.1" 304 0
INFO 2025-10-21 18:17:24,794 basehttp 12324 13616 "GET /static/drf-yasg/immutable.min.js HTTP/1.1" 304 0
INFO 2025-10-21 18:17:24,795 basehttp 12324 25596 "GET /static/drf-yasg/swagger-ui-init.js HTTP/1.1" 304 0
INFO 2025-10-21 18:17:24,797 basehttp 12324 19472 "GET /static/drf-yasg/insQ.min.js HTTP/1.1" 304 0
INFO 2025-10-21 18:17:24,798 basehttp 12324 19416 "GET /static/drf-yasg/swagger-ui-dist/swagger-ui-standalone-preset.js HTTP/1.1" 304 0
INFO 2025-10-21 18:17:24,799 basehttp 12324 1628 "GET /static/drf-yasg/swagger-ui-dist/swagger-ui-bundle.js HTTP/1.1" 304 0
INFO 2025-10-21 18:17:25,796 basehttp 12324 19416 "GET /static/drf-yasg/swagger-ui-dist/favicon-32x32.png HTTP/1.1" 304 0
INFO 2025-10-21 18:17:26,395 basehttp 12324 1628 "GET /swagger/?format=openapi HTTP/1.1" 200 59178
INFO 2025-10-21 18:22:21,202 autoreload 12324 2584 C:\Users\MICHAEL\workflow\backend\editor\views.py changed, reloading.
INFO 2025-10-21 18:22:22,121 autoreload 4268 21396 Watching for file changes with StatReloader
INFO 2025-10-21 18:30:56,567 autoreload 4268 21396 C:\Users\MICHAEL\workflow\backend\editor\models.py changed, reloading.
INFO 2025-10-21 18:30:57,446 autoreload 25496 16604 Watching for file changes with StatReloader
INFO 2025-10-21 18:35:52,672 autoreload 25496 16604 C:\Users\MICHAEL\workflow\backend\editor\models.py changed, reloading.
INFO 2025-10-21 18:35:53,491 autoreload 13200 22720 Watching for file changes with StatReloader
INFO 2025-10-21 18:35:54,774 autoreload 13200 22720 C:\Users\MICHAEL\workflow\backend\editor\models.py changed, reloading.
INFO 2025-10-21 18:35:55,644 autoreload 16628 21344 Watching for file changes with StatReloader
INFO 2025-10-21 19:43:21,784 autoreload 5532 21068 Watching for file changes with StatReloader
INFO 2025-10-21 19:43:34,416 basehttp 5532 19104 "GET /swagger/ HTTP/1.1" 200 1642
ERROR 2025-10-21 19:43:36,132 log 5532 19104 Internal Server Error: /swagger/
Traceback (most recent call last):
  File "C:\Users\MICHAEL\workflow\backend\venv\Lib\site-packages\django\core\handlers\exception.py", line 55, in inner
    response = get_response(request)
  File "C:\Users\MICHAEL\workflow\backend\venv\Lib\site-packages\django\core\handlers\base.py", line 197, in _get_response
    response = wrapped_callback(request, *callback_args, **callback_kwargs)
  File "C:\Users\MICHAEL\workflow\backend\venv\Lib\site-packages\django\views\decorators\csrf.py", line 65, in _view_wrapper
    return view_func(request, *args, **kwargs)
  File "C:\Users\MICHAEL\workflow\backend\venv\Lib\site-packages\django\views\generic\base.py", line 105, in view
    return self.dispatch(request, *args, **kwargs)
           ~~~~~~~~~~~~~^^^^^^^^^^^^^^^^^^^^^^^^^^
  File "C:\Users\MICHAEL\workflow\backend\venv\Lib\site-packages\rest_framework\views.py", line 515, in dispatch
    response = self.handle_exception(exc)
  File "C:\Users\MICHAEL\workflow\backend\venv\Lib\site-packages\rest_framework\views.py", line 475, in handle_exception
    self.raise_uncaught_exception(exc)
    ~~~~~~~~~~~~~~~~~~~~~~~~~~~~~^^^^^
  File "C:\Users\MICHAEL\workflow\backend\venv\Lib\site-packages\rest_framework\views.py", line 486, in raise_uncaught_exception
    raise exc
  File "C:\Users\MICHAEL\workflow\backend\venv\Lib\site-packages\rest_framework\views.py", line 512, in dispatch
    response = handler(request, *args, **kwargs)
  File "C:\Users\MICHAEL\workflow\backend\venv\Lib\site-packages\drf_yasg\views.py", line 129, in get
    schema = generator.get_schema(request, self.public)
  File "C:\Users\MICHAEL\workflow\backend\venv\Lib\site-packages\drf_yasg\generators.py", line 337, in get_schema
    paths, prefix = self.get_paths(endpoints, components, request, public)
                    ~~~~~~~~~~~~~~^^^^^^^^^^^^^^^^^^^^^^^^^^^^^^^^^^^^^^^^
  File "C:\Users\MICHAEL\workflow\backend\venv\Lib\site-packages\drf_yasg\generators.py", line 561, in get_paths
    operation = self.get_operation(
        view, path, prefix, method, components, request
    )
  File "C:\Users\MICHAEL\workflow\backend\venv\Lib\site-packages\drf_yasg\generators.py", line 609, in get_operation
    operation = view_inspector.get_operation(operation_keys)
  File "C:\Users\MICHAEL\workflow\backend\venv\Lib\site-packages\drf_yasg\inspectors\view.py", line 58, in get_operation
    responses = self.get_responses()
  File "C:\Users\MICHAEL\workflow\backend\venv\Lib\site-packages\drf_yasg\inspectors\view.py", line 224, in get_responses
    response_serializers = self.get_response_serializers()
  File "C:\Users\MICHAEL\workflow\backend\venv\Lib\site-packages\drf_yasg\inspectors\view.py", line 289, in get_response_serializers
    responses = self.get_default_responses()
  File "C:\Users\MICHAEL\workflow\backend\venv\Lib\site-packages\drf_yasg\inspectors\view.py", line 257, in get_default_responses
    default_schema = self.serializer_to_schema(default_schema) or ""
                     ~~~~~~~~~~~~~~~~~~~~~~~~~^^^^^^^^^^^^^^^^
  File "C:\Users\MICHAEL\workflow\backend\venv\Lib\site-packages\drf_yasg\inspectors\base.py", line 551, in serializer_to_schema
    return self.probe_inspectors(
           ~~~~~~~~~~~~~~~~~~~~~^
        self.field_inspectors,
        ^^^^^^^^^^^^^^^^^^^^^^
    ...<2 lines>...
        {"field_inspectors": self.field_inspectors},
        ^^^^^^^^^^^^^^^^^^^^^^^^^^^^^^^^^^^^^^^^^^^^
    )
    ^
  File "C:\Users\MICHAEL\workflow\backend\venv\Lib\site-packages\drf_yasg\inspectors\base.py", line 137, in probe_inspectors
    result = method(obj, **kwargs)
  File "C:\Users\MICHAEL\workflow\backend\venv\Lib\site-packages\drf_yasg\inspectors\field.py", line 55, in get_schema
    return self.probe_field_inspectors(
           ~~~~~~~~~~~~~~~~~~~~~~~~~~~^
        serializer, openapi.Schema, self.use_definitions
        ^^^^^^^^^^^^^^^^^^^^^^^^^^^^^^^^^^^^^^^^^^^^^^^^
    )
    ^
  File "C:\Users\MICHAEL\workflow\backend\venv\Lib\site-packages\drf_yasg\inspectors\base.py", line 277, in probe_field_inspectors
    return self.probe_inspectors(
           ~~~~~~~~~~~~~~~~~~~~~^
        self.field_inspectors,
        ^^^^^^^^^^^^^^^^^^^^^^
    ...<5 lines>...
        **kwargs,
        ^^^^^^^^^
    )
    ^
  File "C:\Users\MICHAEL\workflow\backend\venv\Lib\site-packages\drf_yasg\inspectors\base.py", line 137, in probe_inspectors
    result = method(obj, **kwargs)
  File "C:\Users\MICHAEL\workflow\backend\venv\Lib\site-packages\drf_yasg\inspectors\field.py", line 154, in field_to_swagger_object
    actual_schema = definitions.setdefault(ref_name, make_schema_definition)
  File "C:\Users\MICHAEL\workflow\backend\venv\Lib\site-packages\drf_yasg\openapi.py", line 822, in setdefault
    ret = maker()
  File "C:\Users\MICHAEL\workflow\backend\venv\Lib\site-packages\drf_yasg\inspectors\field.py", line 130, in make_schema_definition
    child_schema = self.probe_field_inspectors(
        child, ChildSwaggerType, use_references, **prop_kwargs
    )
  File "C:\Users\MICHAEL\workflow\backend\venv\Lib\site-packages\drf_yasg\inspectors\base.py", line 277, in probe_field_inspectors
    return self.probe_inspectors(
           ~~~~~~~~~~~~~~~~~~~~~^
        self.field_inspectors,
        ^^^^^^^^^^^^^^^^^^^^^^
    ...<5 lines>...
        **kwargs,
        ^^^^^^^^^
    )
    ^
  File "C:\Users\MICHAEL\workflow\backend\venv\Lib\site-packages\drf_yasg\inspectors\base.py", line 137, in probe_inspectors
    result = method(obj, **kwargs)
  File "C:\Users\MICHAEL\workflow\backend\venv\Lib\site-packages\drf_yasg\inspectors\field.py", line 164, in field_to_swagger_object
    raise SwaggerGenerationError(
    ...<4 lines>...
    )
drf_yasg.errors.SwaggerGenerationError: Schema for <class 'editor.serializers.OrganizationSerializer'> would override distinct serializer <class 'editor.serializers.OrganizationSerializer'> because they implicitly share the same ref_name; explicitly set the ref_name attribute on both serializers' Meta classes
ERROR 2025-10-21 19:43:36,151 basehttp 5532 19104 "GET /swagger/?format=openapi HTTP/1.1" 500 273762
INFO 2025-10-21 19:52:11,418 autoreload 5532 21068 C:\Users\MICHAEL\workflow\backend\editor\serializers.py changed, reloading.
INFO 2025-10-21 19:52:12,132 autoreload 22560 13360 Watching for file changes with StatReloader
INFO 2025-10-21 19:53:49,895 autoreload 22560 13360 C:\Users\MICHAEL\workflow\backend\editor\views.py changed, reloading.
INFO 2025-10-21 19:53:50,530 autoreload 20784 18364 Watching for file changes with StatReloader
INFO 2025-10-21 19:53:55,938 autoreload 20784 18364 C:\Users\MICHAEL\workflow\backend\editor\views.py changed, reloading.
INFO 2025-10-21 19:53:56,498 autoreload 13664 13408 Watching for file changes with StatReloader
INFO 2025-10-21 19:54:25,529 autoreload 13664 13408 C:\Users\MICHAEL\workflow\backend\editor\views.py changed, reloading.
INFO 2025-10-21 19:54:26,186 autoreload 2720 8448 Watching for file changes with StatReloader
INFO 2025-10-21 19:54:29,511 autoreload 2720 8448 C:\Users\MICHAEL\workflow\backend\editor\views.py changed, reloading.
INFO 2025-10-21 19:54:30,074 autoreload 22308 24148 Watching for file changes with StatReloader
INFO 2025-10-21 19:54:35,467 autoreload 22308 24148 C:\Users\MICHAEL\workflow\backend\editor\views.py changed, reloading.
INFO 2025-10-21 19:54:36,096 autoreload 12172 22884 Watching for file changes with StatReloader
INFO 2025-10-21 19:54:42,500 autoreload 12172 22884 C:\Users\MICHAEL\workflow\backend\editor\views.py changed, reloading.
INFO 2025-10-21 19:54:43,128 autoreload 14840 1288 Watching for file changes with StatReloader
INFO 2025-10-21 20:02:30,025 autoreload 14840 1288 C:\Users\MICHAEL\workflow\backend\editor\views.py changed, reloading.
INFO 2025-10-21 20:02:30,760 autoreload 24844 23748 Watching for file changes with StatReloader
INFO 2025-10-21 20:02:39,182 basehttp 24844 24688 "GET /swagger/ HTTP/1.1" 200 1642
INFO 2025-10-21 20:02:40,343 basehttp 24844 24688 "GET /swagger/?format=openapi HTTP/1.1" 200 87957
WARNING 2025-10-21 20:09:03,479 log 24844 4120 Not Found: /
WARNING 2025-10-21 20:09:03,480 basehttp 24844 4120 "GET / HTTP/1.1" 404 3770
